  Toy.cpp
c:\hlocal\ig2\proyectosogrevc15x86\ogresdk\include\ogre\ogrehardwarebuffer.h(180): warning C4251: 'Ogre::HardwareBuffer::mShadowBuffer': class 'std::unique_ptr<Ogre::HardwareBuffer,std::default_delete<_Ty>>' needs to have dll-interface to be used by clients of class 'Ogre::HardwareBuffer'
          with
          [
              _Ty=Ogre::HardwareBuffer
          ]
  c:\hlocal\ig2\proyectosogrevc15x86\ogresdk\include\ogre\ogrehardwarebuffer.h(180): note: see declaration of 'std::unique_ptr<Ogre::HardwareBuffer,std::default_delete<_Ty>>'
          with
          [
              _Ty=Ogre::HardwareBuffer
          ]
c:\hlocal\ig2\proyectosogrevc15x86\ig2app\toy.cpp(39): warning C4305: 'argument': truncation from 'double' to 'Ogre::Real'
c:\hlocal\ig2\proyectosogrevc15x86\ig2app\toy.cpp(41): warning C4305: 'argument': truncation from 'double' to 'Ogre::Real'
c:\hlocal\ig2\proyectosogrevc15x86\ig2app\toy.cpp(42): warning C4305: 'argument': truncation from 'double' to 'Ogre::Real'
c:\hlocal\ig2\proyectosogrevc15x86\ig2app\toy.cpp(62): warning C4244: '=': conversion from 'double' to 'Ogre::Real', possible loss of data
  Generating code
  1 of 721 functions ( 0.1%) were compiled, the rest were copied from previous compilation.
    0 functions were new in current compilation
    0 functions had inline decision re-evaluated but remain unchanged
  Finished generating code
SDL2main.lib(SDL_windows_main.obj) : warning LNK4099: PDB 'SDL2main.pdb' was not found with 'SDL2main.lib(SDL_windows_main.obj)' or at 'C:\hlocal\IG2\ProyectosOGREvc15x86\bin\SDL2main.pdb'; linking object as if no debug info
  IG2App.vcxproj -> C:\hlocal\IG2\ProyectosOGREvc15x86\bin\IG2AppRelease.exe
